build/app/intermediates/manifest_merge_blame_file/release/manifest-merger-blame-release-report.txt
1<?xml version="1.0" encoding="utf-8"?>
2<manifest xmlns:android="http://schemas.android.com/apk/res/android"
3    package="com.example.marketeur_follow_me"
4    android:versionCode="1"
5    android:versionName="1.0.0" >
6
7    <uses-sdk
8        android:minSdkVersion="16"
8-->src/main/AndroidManifest.xml
9        android:targetSdkVersion="28" />
9-->src/main/AndroidManifest.xml
10    <!-- Required permission for App measurement to run. -->
11    <uses-permission android:name="android.permission.INTERNET" />
11-->[com.google.android.gms:play-services-measurement:17.2.2] AndroidManifest.xml:23:5-67
11-->[com.google.android.gms:play-services-measurement:17.2.2] AndroidManifest.xml:23:22-64
12    <uses-permission android:name="android.permission.ACCESS_NETWORK_STATE" />
12-->[com.google.android.gms:play-services-measurement:17.2.2] AndroidManifest.xml:24:5-79
12-->[com.google.android.gms:play-services-measurement:17.2.2] AndroidManifest.xml:24:22-76
13    <uses-permission android:name="android.permission.WAKE_LOCK" />
13-->[com.google.android.gms:play-services-measurement:17.2.2] AndroidManifest.xml:25:5-68
13-->[com.google.android.gms:play-services-measurement:17.2.2] AndroidManifest.xml:25:22-65
14    <uses-permission android:name="com.google.android.finsky.permission.BIND_GET_INSTALL_REFERRER_SERVICE" /> <!-- Required by older versions of Google Play services to create IID tokens -->
14-->[com.google.android.gms:play-services-measurement:17.2.2] AndroidManifest.xml:26:5-110
14-->[com.google.android.gms:play-services-measurement:17.2.2] AndroidManifest.xml:26:22-107
15    <uses-permission android:name="com.google.android.c2dm.permission.RECEIVE" />
15-->[com.google.firebase:firebase-iid:20.0.2] AndroidManifest.xml:26:5-82
15-->[com.google.firebase:firebase-iid:20.0.2] AndroidManifest.xml:26:22-79
16    <!--
17 io.flutter.app.FlutterApplication is an android.app.Application that
18         calls FlutterMain.startInitialization(this); in its onCreate method.
19         In most cases you can leave this as-is, but you if you want to provide
20         additional functionality it is fine to subclass or reimplement
21         FlutterApplication and put your custom class here.
22    -->
23    <application
23-->src/main/AndroidManifest.xml:8:5-46:19
24        android:name="io.flutter.app.FlutterApplication"
24-->src/main/AndroidManifest.xml:9:9-57
25        android:appComponentFactory="androidx.core.app.CoreComponentFactory"
25-->[androidx.core:core:1.1.0] AndroidManifest.xml:24:18-86
26        android:icon="@mipmap/ic_launcher"
26-->src/main/AndroidManifest.xml:11:9-43
27        android:label="marketeur_follow_me" >
27-->src/main/AndroidManifest.xml:10:9-44
28        <activity
28-->src/main/AndroidManifest.xml:12:9-40:20
29            android:name="com.example.marketeur_follow_me.MainActivity"
29-->src/main/AndroidManifest.xml:13:13-41
30            android:configChanges="orientation|keyboardHidden|keyboard|screenSize|smallestScreenSize|locale|layoutDirection|fontScale|screenLayout|density|uiMode"
30-->src/main/AndroidManifest.xml:16:13-163
31            android:hardwareAccelerated="true"
31-->src/main/AndroidManifest.xml:17:13-47
32            android:launchMode="singleTop"
32-->src/main/AndroidManifest.xml:14:13-43
33            android:theme="@style/LaunchTheme"
33-->src/main/AndroidManifest.xml:15:13-47
34            android:windowSoftInputMode="adjustResize" >
34-->src/main/AndroidManifest.xml:18:13-55
35
36            <!--
37                 Specifies an Android theme to apply to this Activity as soon as
38                 the Android process has started. This theme is visible to the user
39                 while the Flutter UI initializes. After that, this theme continues
40                 to determine the Window background behind the Flutter UI.
41            -->
42            <meta-data
42-->src/main/AndroidManifest.xml:23:13-26:17
43                android:name="io.flutter.embedding.android.NormalTheme"
43-->src/main/AndroidManifest.xml:24:15-70
44                android:resource="@style/NormalTheme" />
44-->src/main/AndroidManifest.xml:25:15-52
45            <!--
46                 Displays an Android View that continues showing the launch screen
47                 Drawable until Flutter paints its first frame, then this splash
48                 screen fades out. A splash screen is useful to avoid any visual
49                 gap between the end of Android's launch screen and the painting of
50                 Flutter's first frame.
51            -->
52            <meta-data
52-->src/main/AndroidManifest.xml:32:13-35:17
53                android:name="io.flutter.embedding.android.SplashScreenDrawable"
53-->src/main/AndroidManifest.xml:33:15-79
54                android:resource="@drawable/launch_background" />
54-->src/main/AndroidManifest.xml:34:15-61
55
56            <intent-filter>
56-->src/main/AndroidManifest.xml:36:13-39:29
57                <action android:name="android.intent.action.MAIN" />
57-->src/main/AndroidManifest.xml:37:17-68
57-->src/main/AndroidManifest.xml:37:25-66
58
59                <category android:name="android.intent.category.LAUNCHER" />
59-->src/main/AndroidManifest.xml:38:17-76
59-->src/main/AndroidManifest.xml:38:27-74
60            </intent-filter>
61        </activity>
62        <!--
63             Don't delete the meta-data below.
64             This is used by the Flutter tool to generate GeneratedPluginRegistrant.java
65        -->
66        <meta-data
66-->src/main/AndroidManifest.xml:43:9-45:33
67            android:name="flutterEmbedding"
67-->src/main/AndroidManifest.xml:44:13-44
68            android:value="2" />
68-->src/main/AndroidManifest.xml:45:13-30
69
70        <service
70-->[:firebase_storage] AndroidManifest.xml:8:9-12:19
71            android:name="com.google.firebase.components.ComponentDiscoveryService"
71-->[:firebase_storage] AndroidManifest.xml:8:18-89
72            android:directBootAware="true"
72-->[com.google.firebase:firebase-common:19.3.0] AndroidManifest.xml:34:13-43
73            android:exported="false" >
73-->[com.google.android.gms:play-services-measurement-api:17.2.2] AndroidManifest.xml:29:13-37
74            <meta-data
74-->[:firebase_storage] AndroidManifest.xml:9:13-11:85
75                android:name="com.google.firebase.components:io.flutter.plugins.firebase.storage.FlutterFirebaseAppRegistrar"
75-->[:firebase_storage] AndroidManifest.xml:10:17-126
76                android:value="com.google.firebase.components.ComponentRegistrar" />
76-->[:firebase_storage] AndroidManifest.xml:11:17-82
77            <meta-data
77-->[:firebase_messaging] AndroidManifest.xml:14:13-16:85
78                android:name="com.google.firebase.components:io.flutter.plugins.firebasemessaging.FlutterFirebaseAppRegistrar"
78-->[:firebase_messaging] AndroidManifest.xml:15:17-127
79                android:value="com.google.firebase.components.ComponentRegistrar" />
79-->[:firebase_messaging] AndroidManifest.xml:16:17-82
80            <meta-data
80-->[:cloud_firestore] AndroidManifest.xml:9:13-11:85
81                android:name="com.google.firebase.components:io.flutter.plugins.firebase.cloudfirestore.FlutterFirebaseAppRegistrar"
81-->[:cloud_firestore] AndroidManifest.xml:10:17-133
82                android:value="com.google.firebase.components.ComponentRegistrar" />
82-->[:cloud_firestore] AndroidManifest.xml:11:17-82
83            <meta-data
83-->[:firebase_auth] AndroidManifest.xml:9:13-11:85
84                android:name="com.google.firebase.components:io.flutter.plugins.firebaseauth.FlutterFirebaseAppRegistrar"
84-->[:firebase_auth] AndroidManifest.xml:10:17-122
85                android:value="com.google.firebase.components.ComponentRegistrar" />
85-->[:firebase_auth] AndroidManifest.xml:11:17-82
86            <meta-data
86-->[:firebase_core] AndroidManifest.xml:9:13-11:85
87                android:name="com.google.firebase.components:io.flutter.plugins.firebase.core.FlutterFirebaseAppRegistrar"
87-->[:firebase_core] AndroidManifest.xml:10:17-123
88                android:value="com.google.firebase.components.ComponentRegistrar" />
88-->[:firebase_core] AndroidManifest.xml:11:17-82
89            <meta-data
89-->[com.google.android.gms:play-services-measurement-api:17.2.2] AndroidManifest.xml:30:13-32:85
90                android:name="com.google.firebase.components:com.google.firebase.analytics.connector.internal.AnalyticsConnectorRegistrar"
90-->[com.google.android.gms:play-services-measurement-api:17.2.2] AndroidManifest.xml:31:17-139
91                android:value="com.google.firebase.components.ComponentRegistrar" />
91-->[com.google.android.gms:play-services-measurement-api:17.2.2] AndroidManifest.xml:32:17-82
92            <meta-data
92-->[com.google.firebase:firebase-storage:17.0.0] AndroidManifest.xml:31:13-33:85
93                android:name="com.google.firebase.components:com.google.firebase.storage.StorageRegistrar"
93-->[com.google.firebase:firebase-storage:17.0.0] AndroidManifest.xml:32:17-107
94                android:value="com.google.firebase.components.ComponentRegistrar" />
94-->[com.google.firebase:firebase-storage:17.0.0] AndroidManifest.xml:33:17-82
95            <meta-data
95-->[com.google.firebase:firebase-firestore:21.3.0] AndroidManifest.xml:20:13-22:85
96                android:name="com.google.firebase.components:com.google.firebase.firestore.FirestoreRegistrar"
96-->[com.google.firebase:firebase-firestore:21.3.0] AndroidManifest.xml:21:17-111
97                android:value="com.google.firebase.components.ComponentRegistrar" />
97-->[com.google.firebase:firebase-firestore:21.3.0] AndroidManifest.xml:22:17-82
98            <meta-data
98-->[com.google.firebase:firebase-auth:19.2.0] AndroidManifest.xml:36:13-38:85
99                android:name="com.google.firebase.components:com.google.firebase.auth.FirebaseAuthRegistrar"
99-->[com.google.firebase:firebase-auth:19.2.0] AndroidManifest.xml:37:17-109
100                android:value="com.google.firebase.components.ComponentRegistrar" />
100-->[com.google.firebase:firebase-auth:19.2.0] AndroidManifest.xml:38:17-82
101            <meta-data
101-->[com.google.firebase:firebase-iid:20.0.2] AndroidManifest.xml:32:13-34:85
102                android:name="com.google.firebase.components:com.google.firebase.iid.Registrar"
102-->[com.google.firebase:firebase-iid:20.0.2] AndroidManifest.xml:33:17-96
103                android:value="com.google.firebase.components.ComponentRegistrar" />
103-->[com.google.firebase:firebase-iid:20.0.2] AndroidManifest.xml:34:17-82
104        </service>
105        <service android:name="io.flutter.plugins.firebasemessaging.FlutterFirebaseMessagingService" >
105-->[:firebase_messaging] AndroidManifest.xml:8:9-12:19
105-->[:firebase_messaging] AndroidManifest.xml:8:18-101
106            <intent-filter>
106-->[:firebase_messaging] AndroidManifest.xml:9:13-11:29
107                <action android:name="com.google.firebase.MESSAGING_EVENT" />
107-->[:firebase_messaging] AndroidManifest.xml:10:17-78
107-->[:firebase_messaging] AndroidManifest.xml:10:25-75
108            </intent-filter>
109        </service>
110
111        <provider
111-->[:flutter_share_file] AndroidManifest.xml:8:9-16:20
112            android:name="androidx.core.content.FileProvider"
112-->[:flutter_share_file] AndroidManifest.xml:9:13-62
113            android:authorities="com.example.fluttersharefile"
113-->[:flutter_share_file] AndroidManifest.xml:10:13-63
114            android:exported="false"
114-->[:flutter_share_file] AndroidManifest.xml:11:13-37
115            android:grantUriPermissions="true" >
115-->[:flutter_share_file] AndroidManifest.xml:12:13-47
116            <meta-data
116-->[:flutter_share_file] AndroidManifest.xml:13:13-15:54
117                android:name="android.support.FILE_PROVIDER_PATHS"
117-->[:flutter_share_file] AndroidManifest.xml:14:17-67
118                android:resource="@xml/file_paths" />
118-->[:flutter_share_file] AndroidManifest.xml:15:17-51
119        </provider>
120
121        <receiver
121-->[com.google.android.gms:play-services-measurement:17.2.2] AndroidManifest.xml:29:9-33:20
122            android:name="com.google.android.gms.measurement.AppMeasurementReceiver"
122-->[com.google.android.gms:play-services-measurement:17.2.2] AndroidManifest.xml:30:13-85
123            android:enabled="true"
123-->[com.google.android.gms:play-services-measurement:17.2.2] AndroidManifest.xml:31:13-35
124            android:exported="false" >
124-->[com.google.android.gms:play-services-measurement:17.2.2] AndroidManifest.xml:32:13-37
125        </receiver>
126        <receiver
126-->[com.google.android.gms:play-services-measurement:17.2.2] AndroidManifest.xml:34:9-42:20
127            android:name="com.google.android.gms.measurement.AppMeasurementInstallReferrerReceiver"
127-->[com.google.android.gms:play-services-measurement:17.2.2] AndroidManifest.xml:35:13-100
128            android:enabled="true"
128-->[com.google.android.gms:play-services-measurement:17.2.2] AndroidManifest.xml:36:13-35
129            android:exported="true"
129-->[com.google.android.gms:play-services-measurement:17.2.2] AndroidManifest.xml:37:13-36
130            android:permission="android.permission.INSTALL_PACKAGES" >
130-->[com.google.android.gms:play-services-measurement:17.2.2] AndroidManifest.xml:38:13-69
131            <intent-filter>
131-->[com.google.android.gms:play-services-measurement:17.2.2] AndroidManifest.xml:39:13-41:29
132                <action android:name="com.android.vending.INSTALL_REFERRER" />
132-->[com.google.android.gms:play-services-measurement:17.2.2] AndroidManifest.xml:40:17-79
132-->[com.google.android.gms:play-services-measurement:17.2.2] AndroidManifest.xml:40:25-76
133            </intent-filter>
134        </receiver>
135
136        <service
136-->[com.google.android.gms:play-services-measurement:17.2.2] AndroidManifest.xml:44:9-47:40
137            android:name="com.google.android.gms.measurement.AppMeasurementService"
137-->[com.google.android.gms:play-services-measurement:17.2.2] AndroidManifest.xml:45:13-84
138            android:enabled="true"
138-->[com.google.android.gms:play-services-measurement:17.2.2] AndroidManifest.xml:46:13-35
139            android:exported="false" />
139-->[com.google.android.gms:play-services-measurement:17.2.2] AndroidManifest.xml:47:13-37
140        <service
140-->[com.google.android.gms:play-services-measurement:17.2.2] AndroidManifest.xml:48:9-52:72
141            android:name="com.google.android.gms.measurement.AppMeasurementJobService"
141-->[com.google.android.gms:play-services-measurement:17.2.2] AndroidManifest.xml:49:13-87
142            android:enabled="true"
142-->[com.google.android.gms:play-services-measurement:17.2.2] AndroidManifest.xml:50:13-35
143            android:exported="false"
143-->[com.google.android.gms:play-services-measurement:17.2.2] AndroidManifest.xml:51:13-37
144            android:permission="android.permission.BIND_JOB_SERVICE" />
144-->[com.google.android.gms:play-services-measurement:17.2.2] AndroidManifest.xml:52:13-69
145        <!--
146             FirebaseMessagingService performs security checks at runtime,
147             but set to not exported to explicitly avoid allowing another app to call it.
148        -->
149        <service
149-->[com.google.firebase:firebase-messaging:20.0.1] AndroidManifest.xml:28:9-34:19
150            android:name="com.google.firebase.messaging.FirebaseMessagingService"
150-->[com.google.firebase:firebase-messaging:20.0.1] AndroidManifest.xml:29:13-82
151            android:exported="false" >
151-->[com.google.firebase:firebase-messaging:20.0.1] AndroidManifest.xml:30:13-37
152            <intent-filter android:priority="-500" >
152-->[:firebase_messaging] AndroidManifest.xml:9:13-11:29
153                <action android:name="com.google.firebase.MESSAGING_EVENT" />
153-->[:firebase_messaging] AndroidManifest.xml:10:17-78
153-->[:firebase_messaging] AndroidManifest.xml:10:25-75
154            </intent-filter>
155        </service>
156
157        <activity
157-->[com.google.firebase:firebase-auth:19.2.0] AndroidManifest.xml:24:9-31:50
158            android:name="com.google.firebase.auth.internal.FederatedSignInActivity"
158-->[com.google.firebase:firebase-auth:19.2.0] AndroidManifest.xml:25:13-85
159            android:excludeFromRecents="true"
159-->[com.google.firebase:firebase-auth:19.2.0] AndroidManifest.xml:26:13-46
160            android:exported="true"
160-->[com.google.firebase:firebase-auth:19.2.0] AndroidManifest.xml:27:13-36
161            android:launchMode="singleTask"
161-->[com.google.firebase:firebase-auth:19.2.0] AndroidManifest.xml:28:13-44
162            android:permission="com.google.firebase.auth.api.gms.permission.LAUNCH_FEDERATED_SIGN_IN"
162-->[com.google.firebase:firebase-auth:19.2.0] AndroidManifest.xml:29:13-102
163            android:theme="@android:style/Theme.Translucent.NoTitleBar" />
163-->[com.google.firebase:firebase-auth:19.2.0] AndroidManifest.xml:30:13-72
164
165        <receiver
165-->[com.google.firebase:firebase-iid:20.0.2] AndroidManifest.xml:37:9-44:20
166            android:name="com.google.firebase.iid.FirebaseInstanceIdReceiver"
166-->[com.google.firebase:firebase-iid:20.0.2] AndroidManifest.xml:38:13-78
167            android:exported="true"
167-->[com.google.firebase:firebase-iid:20.0.2] AndroidManifest.xml:39:13-36
168            android:permission="com.google.android.c2dm.permission.SEND" >
168-->[com.google.firebase:firebase-iid:20.0.2] AndroidManifest.xml:40:13-73
169            <intent-filter>
169-->[com.google.firebase:firebase-iid:20.0.2] AndroidManifest.xml:41:13-43:29
170                <action android:name="com.google.android.c2dm.intent.RECEIVE" />
170-->[com.google.firebase:firebase-iid:20.0.2] AndroidManifest.xml:42:17-81
170-->[com.google.firebase:firebase-iid:20.0.2] AndroidManifest.xml:42:25-78
171            </intent-filter>
172        </receiver>
173
174        <provider
174-->[com.google.firebase:firebase-common:19.3.0] AndroidManifest.xml:26:9-30:39
175            android:name="com.google.firebase.provider.FirebaseInitProvider"
175-->[com.google.firebase:firebase-common:19.3.0] AndroidManifest.xml:27:13-77
176            android:authorities="com.example.marketeur_follow_me.firebaseinitprovider"
176-->[com.google.firebase:firebase-common:19.3.0] AndroidManifest.xml:28:13-72
177            android:exported="false"
177-->[com.google.firebase:firebase-common:19.3.0] AndroidManifest.xml:29:13-37
178            android:initOrder="100" />
178-->[com.google.firebase:firebase-common:19.3.0] AndroidManifest.xml:30:13-36
179
180        <activity
180-->[com.google.android.gms:play-services-base:17.1.0] AndroidManifest.xml:23:9-26:75
181            android:name="com.google.android.gms.common.api.GoogleApiActivity"
181-->[com.google.android.gms:play-services-base:17.1.0] AndroidManifest.xml:24:13-79
182            android:exported="false"
182-->[com.google.android.gms:play-services-base:17.1.0] AndroidManifest.xml:25:13-37
183            android:theme="@android:style/Theme.Translucent.NoTitleBar" />
183-->[com.google.android.gms:play-services-base:17.1.0] AndroidManifest.xml:26:13-72
184
185        <meta-data
185-->[com.google.android.gms:play-services-basement:17.0.0] AndroidManifest.xml:23:9-25:69
186            android:name="com.google.android.gms.version"
186-->[com.google.android.gms:play-services-basement:17.0.0] AndroidManifest.xml:24:13-58
187            android:value="@integer/google_play_services_version" />
187-->[com.google.android.gms:play-services-basement:17.0.0] AndroidManifest.xml:25:13-66
188    </application>
189
190</manifest>